Analysis & Synthesis report for projeto
Tue Apr 16 11:58:29 2024
Quartus Prime Version 22.1std.2 Build 922 07/20/2023 SC Lite Edition


---------------------
; Table of Contents ;
---------------------
  1. Legal Notice
  2. Analysis & Synthesis Summary
  3. Analysis & Synthesis Settings
  4. Parallel Compilation
  5. Analysis & Synthesis Source Files Read
  6. Analysis & Synthesis Resource Usage Summary
  7. Analysis & Synthesis Resource Utilization by Entity
  8. Registers Removed During Synthesis
  9. General Register Statistics
 10. Port Connectivity Checks: "fase5:Fase5_instanciada|FreqDivider:Divisor"
 11. Port Connectivity Checks: "fase5:Fase5_instanciada"
 12. Port Connectivity Checks: "fase4:Fase4_instanciada|FreqDivider:Divisor"
 13. Post-Synthesis Netlist Statistics for Top Partition
 14. Elapsed Time Per Partition
 15. Analysis & Synthesis Messages



----------------
; Legal Notice ;
----------------
Copyright (C) 2023  Intel Corporation. All rights reserved.
Your use of Intel Corporation's design tools, logic functions 
and other software and tools, and any partner logic 
functions, and any output files from any of the foregoing 
(including device programming or simulation files), and any 
associated documentation or information are expressly subject 
to the terms and conditions of the Intel Program License 
Subscription Agreement, the Intel Quartus Prime License Agreement,
the Intel FPGA IP License Agreement, or other applicable license
agreement, including, without limitation, that your use is for
the sole purpose of programming logic devices manufactured by
Intel and sold by Intel or its authorized distributors.  Please
refer to the applicable agreement for further details, at
https://fpgasoftware.intel.com/eula.



+-------------------------------------------------------------------------------------+
; Analysis & Synthesis Summary                                                        ;
+------------------------------------+------------------------------------------------+
; Analysis & Synthesis Status        ; Successful - Tue Apr 16 11:58:29 2024          ;
; Quartus Prime Version              ; 22.1std.2 Build 922 07/20/2023 SC Lite Edition ;
; Revision Name                      ; projeto                                        ;
; Top-level Entity Name              ; projeto                                        ;
; Family                             ; Cyclone IV E                                   ;
; Total logic elements               ; 54                                             ;
;     Total combinational functions  ; 54                                             ;
;     Dedicated logic registers      ; 33                                             ;
; Total registers                    ; 33                                             ;
; Total pins                         ; 18                                             ;
; Total virtual pins                 ; 0                                              ;
; Total memory bits                  ; 0                                              ;
; Embedded Multiplier 9-bit elements ; 0                                              ;
; Total PLLs                         ; 0                                              ;
+------------------------------------+------------------------------------------------+


+------------------------------------------------------------------------------------------------------------+
; Analysis & Synthesis Settings                                                                              ;
+------------------------------------------------------------------+--------------------+--------------------+
; Option                                                           ; Setting            ; Default Value      ;
+------------------------------------------------------------------+--------------------+--------------------+
; Device                                                           ; EP4CE115F29C7      ;                    ;
; Top-level entity name                                            ; projeto            ; projeto            ;
; Family name                                                      ; Cyclone IV E       ; Cyclone V          ;
; Use smart compilation                                            ; Off                ; Off                ;
; Enable parallel Assembler and Timing Analyzer during compilation ; On                 ; On                 ;
; Enable compact report table                                      ; Off                ; Off                ;
; Restructure Multiplexers                                         ; Auto               ; Auto               ;
; Create Debugging Nodes for IP Cores                              ; Off                ; Off                ;
; Preserve fewer node names                                        ; On                 ; On                 ;
; Intel FPGA IP Evaluation Mode                                    ; Enable             ; Enable             ;
; Verilog Version                                                  ; Verilog_2001       ; Verilog_2001       ;
; VHDL Version                                                     ; VHDL_1993          ; VHDL_1993          ;
; State Machine Processing                                         ; Auto               ; Auto               ;
; Safe State Machine                                               ; Off                ; Off                ;
; Extract Verilog State Machines                                   ; On                 ; On                 ;
; Extract VHDL State Machines                                      ; On                 ; On                 ;
; Ignore Verilog initial constructs                                ; Off                ; Off                ;
; Iteration limit for constant Verilog loops                       ; 5000               ; 5000               ;
; Iteration limit for non-constant Verilog loops                   ; 250                ; 250                ;
; Add Pass-Through Logic to Inferred RAMs                          ; On                 ; On                 ;
; Infer RAMs from Raw Logic                                        ; On                 ; On                 ;
; Parallel Synthesis                                               ; On                 ; On                 ;
; DSP Block Balancing                                              ; Auto               ; Auto               ;
; NOT Gate Push-Back                                               ; On                 ; On                 ;
; Power-Up Don't Care                                              ; On                 ; On                 ;
; Remove Redundant Logic Cells                                     ; Off                ; Off                ;
; Remove Duplicate Registers                                       ; On                 ; On                 ;
; Ignore CARRY Buffers                                             ; Off                ; Off                ;
; Ignore CASCADE Buffers                                           ; Off                ; Off                ;
; Ignore GLOBAL Buffers                                            ; Off                ; Off                ;
; Ignore ROW GLOBAL Buffers                                        ; Off                ; Off                ;
; Ignore LCELL Buffers                                             ; Off                ; Off                ;
; Ignore SOFT Buffers                                              ; On                 ; On                 ;
; Limit AHDL Integers to 32 Bits                                   ; Off                ; Off                ;
; Optimization Technique                                           ; Balanced           ; Balanced           ;
; Carry Chain Length                                               ; 70                 ; 70                 ;
; Auto Carry Chains                                                ; On                 ; On                 ;
; Auto Open-Drain Pins                                             ; On                 ; On                 ;
; Perform WYSIWYG Primitive Resynthesis                            ; Off                ; Off                ;
; Auto ROM Replacement                                             ; On                 ; On                 ;
; Auto RAM Replacement                                             ; On                 ; On                 ;
; Auto DSP Block Replacement                                       ; On                 ; On                 ;
; Auto Shift Register Replacement                                  ; Auto               ; Auto               ;
; Allow Shift Register Merging across Hierarchies                  ; Auto               ; Auto               ;
; Auto Clock Enable Replacement                                    ; On                 ; On                 ;
; Strict RAM Replacement                                           ; Off                ; Off                ;
; Allow Synchronous Control Signals                                ; On                 ; On                 ;
; Force Use of Synchronous Clear Signals                           ; Off                ; Off                ;
; Auto RAM Block Balancing                                         ; On                 ; On                 ;
; Auto RAM to Logic Cell Conversion                                ; Off                ; Off                ;
; Auto Resource Sharing                                            ; Off                ; Off                ;
; Allow Any RAM Size For Recognition                               ; Off                ; Off                ;
; Allow Any ROM Size For Recognition                               ; Off                ; Off                ;
; Allow Any Shift Register Size For Recognition                    ; Off                ; Off                ;
; Use LogicLock Constraints during Resource Balancing              ; On                 ; On                 ;
; Ignore translate_off and synthesis_off directives                ; Off                ; Off                ;
; Timing-Driven Synthesis                                          ; On                 ; On                 ;
; Report Parameter Settings                                        ; On                 ; On                 ;
; Report Source Assignments                                        ; On                 ; On                 ;
; Report Connectivity Checks                                       ; On                 ; On                 ;
; Ignore Maximum Fan-Out Assignments                               ; Off                ; Off                ;
; Synchronization Register Chain Length                            ; 2                  ; 2                  ;
; Power Optimization During Synthesis                              ; Normal compilation ; Normal compilation ;
; HDL message level                                                ; Level2             ; Level2             ;
; Suppress Register Optimization Related Messages                  ; Off                ; Off                ;
; Number of Removed Registers Reported in Synthesis Report         ; 5000               ; 5000               ;
; Number of Swept Nodes Reported in Synthesis Report               ; 5000               ; 5000               ;
; Number of Inverted Registers Reported in Synthesis Report        ; 100                ; 100                ;
; Clock MUX Protection                                             ; On                 ; On                 ;
; Auto Gated Clock Conversion                                      ; Off                ; Off                ;
; Block Design Naming                                              ; Auto               ; Auto               ;
; SDC constraint protection                                        ; Off                ; Off                ;
; Synthesis Effort                                                 ; Auto               ; Auto               ;
; Shift Register Replacement - Allow Asynchronous Clear Signal     ; On                 ; On                 ;
; Pre-Mapping Resynthesis Optimization                             ; Off                ; Off                ;
; Analysis & Synthesis Message Level                               ; Medium             ; Medium             ;
; Disable Register Merging Across Hierarchies                      ; Auto               ; Auto               ;
; Resource Aware Inference For Block RAM                           ; On                 ; On                 ;
+------------------------------------------------------------------+--------------------+--------------------+


+------------------------------------------+
; Parallel Compilation                     ;
+----------------------------+-------------+
; Processors                 ; Number      ;
+----------------------------+-------------+
; Number detected on machine ; 12          ;
; Maximum allowed            ; 10          ;
;                            ;             ;
; Average used               ; 1.00        ;
; Maximum used               ; 10          ;
;                            ;             ;
; Usage by Processor         ; % Time Used ;
;     Processor 1            ; 100.0%      ;
;     Processors 2-10        ;   0.0%      ;
+----------------------------+-------------+


+----------------------------------------------------------------------------------------------------------------------------------+
; Analysis & Synthesis Source Files Read                                                                                           ;
+----------------------------------+-----------------+-----------------+-------------------------------------------------+---------+
; File Name with User-Entered Path ; Used in Netlist ; File Type       ; File Name with Absolute Path                    ; Library ;
+----------------------------------+-----------------+-----------------+-------------------------------------------------+---------+
; decoder.vhd                      ; yes             ; User VHDL File  ; C:/Users/pedro/LSD/mini_projeto/decoder.vhd     ;         ;
; projeto.vhd                      ; yes             ; User VHDL File  ; C:/Users/pedro/LSD/mini_projeto/projeto.vhd     ;         ;
; fase3.vhd                        ; yes             ; User VHDL File  ; C:/Users/pedro/LSD/mini_projeto/fase3.vhd       ;         ;
; FreqDivider.vhd                  ; yes             ; User VHDL File  ; C:/Users/pedro/LSD/mini_projeto/FreqDivider.vhd ;         ;
; fase4.vhd                        ; yes             ; User VHDL File  ; C:/Users/pedro/LSD/mini_projeto/fase4.vhd       ;         ;
; fase5.vhd                        ; yes             ; User VHDL File  ; C:/Users/pedro/LSD/mini_projeto/fase5.vhd       ;         ;
+----------------------------------+-----------------+-----------------+-------------------------------------------------+---------+


+-------------------------------------------------------------------------------------------------------+
; Analysis & Synthesis Resource Usage Summary                                                           ;
+---------------------------------------------+---------------------------------------------------------+
; Resource                                    ; Usage                                                   ;
+---------------------------------------------+---------------------------------------------------------+
; Estimated Total logic elements              ; 54                                                      ;
;                                             ;                                                         ;
; Total combinational functions               ; 54                                                      ;
; Logic element usage by number of LUT inputs ;                                                         ;
;     -- 4 input functions                    ; 15                                                      ;
;     -- 3 input functions                    ; 4                                                       ;
;     -- <=2 input functions                  ; 35                                                      ;
;                                             ;                                                         ;
; Logic elements by mode                      ;                                                         ;
;     -- normal mode                          ; 23                                                      ;
;     -- arithmetic mode                      ; 31                                                      ;
;                                             ;                                                         ;
; Total registers                             ; 33                                                      ;
;     -- Dedicated logic registers            ; 33                                                      ;
;     -- I/O registers                        ; 0                                                       ;
;                                             ;                                                         ;
; I/O pins                                    ; 18                                                      ;
;                                             ;                                                         ;
; Embedded Multiplier 9-bit elements          ; 0                                                       ;
;                                             ;                                                         ;
; Maximum fan-out node                        ; fase4:Fase4_instanciada|FreqDivider:Divisor|LessThan0~8 ;
; Maximum fan-out                             ; 33                                                      ;
; Total fan-out                               ; 271                                                     ;
; Average fan-out                             ; 2.20                                                    ;
+---------------------------------------------+---------------------------------------------------------+


+-------------------------------------------------------------------------------------------------------------------------------------------------------------------------------------------------------------------------------------------------+
; Analysis & Synthesis Resource Utilization by Entity                                                                                                                                                                                             ;
+----------------------------------+---------------------+---------------------------+-------------+--------------+---------+-----------+------+--------------+------------------------------------------------------+-------------+--------------+
; Compilation Hierarchy Node       ; Combinational ALUTs ; Dedicated Logic Registers ; Memory Bits ; DSP Elements ; DSP 9x9 ; DSP 18x18 ; Pins ; Virtual Pins ; Full Hierarchy Name                                  ; Entity Name ; Library Name ;
+----------------------------------+---------------------+---------------------------+-------------+--------------+---------+-----------+------+--------------+------------------------------------------------------+-------------+--------------+
; |projeto                         ; 54 (3)              ; 33 (0)                    ; 0           ; 0            ; 0       ; 0         ; 18   ; 0            ; |projeto                                             ; projeto     ; work         ;
;    |decoder:Decoder_instanciado| ; 2 (2)               ; 0 (0)                     ; 0           ; 0            ; 0       ; 0         ; 0    ; 0            ; |projeto|decoder:Decoder_instanciado                 ; decoder     ; work         ;
;    |fase4:Fase4_instanciada|     ; 49 (0)              ; 33 (0)                    ; 0           ; 0            ; 0       ; 0         ; 0    ; 0            ; |projeto|fase4:Fase4_instanciada                     ; fase4       ; work         ;
;       |FreqDivider:Divisor|      ; 49 (49)             ; 33 (33)                   ; 0           ; 0            ; 0       ; 0         ; 0    ; 0            ; |projeto|fase4:Fase4_instanciada|FreqDivider:Divisor ; FreqDivider ; work         ;
+----------------------------------+---------------------+---------------------------+-------------+--------------+---------+-----------+------+--------------+------------------------------------------------------+-------------+--------------+
Note: For table entries with two numbers listed, the numbers in parentheses indicate the number of resources of the given type used by the specific entity alone. The numbers listed outside of parentheses indicate the total resources of the given type used by the specific entity and all of its sub-entities in the hierarchy.


+------------------------------------------------------------------------------------------------------------------------------+
; Registers Removed During Synthesis                                                                                           ;
+----------------------------------------------------------+-------------------------------------------------------------------+
; Register name                                            ; Reason for Removal                                                ;
+----------------------------------------------------------+-------------------------------------------------------------------+
; fase4:Fase4_instanciada|FreqDivider:Divisor|clkOut[1..3] ; Merged with fase4:Fase4_instanciada|FreqDivider:Divisor|clkOut[0] ;
; Total Number of Removed Registers = 3                    ;                                                                   ;
+----------------------------------------------------------+-------------------------------------------------------------------+


+------------------------------------------------------+
; General Register Statistics                          ;
+----------------------------------------------+-------+
; Statistic                                    ; Value ;
+----------------------------------------------+-------+
; Total registers                              ; 33    ;
; Number of registers using Synchronous Clear  ; 32    ;
; Number of registers using Synchronous Load   ; 0     ;
; Number of registers using Asynchronous Clear ; 0     ;
; Number of registers using Asynchronous Load  ; 0     ;
; Number of registers using Clock Enable       ; 0     ;
; Number of registers using Preset             ; 0     ;
+----------------------------------------------+-------+


+-------------------------------------------------------------------------+
; Port Connectivity Checks: "fase5:Fase5_instanciada|FreqDivider:Divisor" ;
+-----------+-------+----------+------------------------------------------+
; Port      ; Type  ; Severity ; Details                                  ;
+-----------+-------+----------+------------------------------------------+
; k[23..19] ; Input ; Info     ; Stuck at VCC                             ;
; k[15..12] ; Input ; Info     ; Stuck at VCC                             ;
; k[31..26] ; Input ; Info     ; Stuck at GND                             ;
; k[11..8]  ; Input ; Info     ; Stuck at GND                             ;
; k[6..0]   ; Input ; Info     ; Stuck at GND                             ;
; k[25]     ; Input ; Info     ; Stuck at VCC                             ;
; k[24]     ; Input ; Info     ; Stuck at GND                             ;
; k[18]     ; Input ; Info     ; Stuck at GND                             ;
; k[17]     ; Input ; Info     ; Stuck at VCC                             ;
; k[16]     ; Input ; Info     ; Stuck at GND                             ;
; k[7]      ; Input ; Info     ; Stuck at VCC                             ;
+-----------+-------+----------+------------------------------------------+


+-----------------------------------------------------------------------------------------------------------------------+
; Port Connectivity Checks: "fase5:Fase5_instanciada"                                                                   ;
+-------------+--------+----------+-------------------------------------------------------------------------------------+
; Port        ; Type   ; Severity ; Details                                                                             ;
+-------------+--------+----------+-------------------------------------------------------------------------------------+
; leds_verdes ; Output ; Info     ; Connected to dangling logic. Logic that only feeds a dangling port will be removed. ;
+-------------+--------+----------+-------------------------------------------------------------------------------------+


+-------------------------------------------------------------------------+
; Port Connectivity Checks: "fase4:Fase4_instanciada|FreqDivider:Divisor" ;
+-----------+-------+----------+------------------------------------------+
; Port      ; Type  ; Severity ; Details                                  ;
+-----------+-------+----------+------------------------------------------+
; k[22..18] ; Input ; Info     ; Stuck at VCC                             ;
; k[14..11] ; Input ; Info     ; Stuck at VCC                             ;
; k[31..25] ; Input ; Info     ; Stuck at GND                             ;
; k[10..7]  ; Input ; Info     ; Stuck at GND                             ;
; k[5..0]   ; Input ; Info     ; Stuck at GND                             ;
; k[24]     ; Input ; Info     ; Stuck at VCC                             ;
; k[23]     ; Input ; Info     ; Stuck at GND                             ;
; k[17]     ; Input ; Info     ; Stuck at GND                             ;
; k[16]     ; Input ; Info     ; Stuck at VCC                             ;
; k[15]     ; Input ; Info     ; Stuck at GND                             ;
; k[6]      ; Input ; Info     ; Stuck at VCC                             ;
+-----------+-------+----------+------------------------------------------+


+-----------------------------------------------------+
; Post-Synthesis Netlist Statistics for Top Partition ;
+-----------------------+-----------------------------+
; Type                  ; Count                       ;
+-----------------------+-----------------------------+
; boundary_port         ; 18                          ;
; cycloneiii_ff         ; 33                          ;
;     SCLR              ; 32                          ;
;     plain             ; 1                           ;
; cycloneiii_lcell_comb ; 57                          ;
;     arith             ; 31                          ;
;         2 data inputs ; 31                          ;
;     normal            ; 26                          ;
;         0 data inputs ; 1                           ;
;         1 data inputs ; 3                           ;
;         2 data inputs ; 3                           ;
;         3 data inputs ; 4                           ;
;         4 data inputs ; 15                          ;
;                       ;                             ;
; Max LUT depth         ; 6.00                        ;
; Average LUT depth     ; 3.75                        ;
+-----------------------+-----------------------------+


+-------------------------------+
; Elapsed Time Per Partition    ;
+----------------+--------------+
; Partition Name ; Elapsed Time ;
+----------------+--------------+
; Top            ; 00:00:00     ;
+----------------+--------------+


+-------------------------------+
; Analysis & Synthesis Messages ;
+-------------------------------+
Info: *******************************************************************
Info: Running Quartus Prime Analysis & Synthesis
    Info: Version 22.1std.2 Build 922 07/20/2023 SC Lite Edition
    Info: Processing started: Tue Apr 16 11:58:21 2024
Info: Command: quartus_map --read_settings_files=on --write_settings_files=off projeto -c projeto
Warning (18236): Number of processors has not been specified which may cause overloading on shared machines.  Set the global assignment NUM_PARALLEL_PROCESSORS in your QSF to an appropriate value for best performance.
Info (20030): Parallel compilation is enabled and will use 10 of the 10 processors detected
Info (12021): Found 2 design units, including 1 entities, in source file decoder.vhd
    Info (12022): Found design unit 1: decoder-Behavioral File: C:/Users/pedro/LSD/mini_projeto/decoder.vhd Line: 9
    Info (12023): Found entity 1: decoder File: C:/Users/pedro/LSD/mini_projeto/decoder.vhd Line: 4
Info (12021): Found 2 design units, including 1 entities, in source file bin7segdecoder.vhd
    Info (12022): Found design unit 1: Bin7SegDecoder-Behavioral File: C:/Users/pedro/LSD/mini_projeto/Bin7segDecoder.vhd Line: 8
    Info (12023): Found entity 1: Bin7segDecoder File: C:/Users/pedro/LSD/mini_projeto/Bin7segDecoder.vhd Line: 4
Info (12021): Found 2 design units, including 1 entities, in source file projeto.vhd
    Info (12022): Found design unit 1: projeto-Structural File: C:/Users/pedro/LSD/mini_projeto/projeto.vhd Line: 14
    Info (12023): Found entity 1: projeto File: C:/Users/pedro/LSD/mini_projeto/projeto.vhd Line: 4
Info (12021): Found 2 design units, including 1 entities, in source file fase3.vhd
    Info (12022): Found design unit 1: fase3-Behavioral File: C:/Users/pedro/LSD/mini_projeto/fase3.vhd Line: 9
    Info (12023): Found entity 1: fase3 File: C:/Users/pedro/LSD/mini_projeto/fase3.vhd Line: 4
Info (12021): Found 2 design units, including 1 entities, in source file freqdivider.vhd
    Info (12022): Found design unit 1: FreqDivider-Behavioral File: C:/Users/pedro/LSD/mini_projeto/FreqDivider.vhd Line: 11
    Info (12023): Found entity 1: FreqDivider File: C:/Users/pedro/LSD/mini_projeto/FreqDivider.vhd Line: 5
Info (12021): Found 2 design units, including 1 entities, in source file fase4.vhd
    Info (12022): Found design unit 1: fase4-Shell File: C:/Users/pedro/LSD/mini_projeto/fase4.vhd Line: 10
    Info (12023): Found entity 1: fase4 File: C:/Users/pedro/LSD/mini_projeto/fase4.vhd Line: 5
Info (12021): Found 2 design units, including 1 entities, in source file fase5.vhd
    Info (12022): Found design unit 1: fase5-Shell File: C:/Users/pedro/LSD/mini_projeto/fase5.vhd Line: 10
    Info (12023): Found entity 1: fase5 File: C:/Users/pedro/LSD/mini_projeto/fase5.vhd Line: 5
Info (12127): Elaborating entity "projeto" for the top level hierarchy
Warning (10036): Verilog HDL or VHDL warning at projeto.vhd(19): object "clkout_fase5" assigned a value but never read File: C:/Users/pedro/LSD/mini_projeto/projeto.vhd Line: 19
Warning (10492): VHDL Process Statement warning at projeto.vhd(48): signal "green_lights" is read inside the Process Statement but isn't in the Process Statement's sensitivity list File: C:/Users/pedro/LSD/mini_projeto/projeto.vhd Line: 48
Warning (10492): VHDL Process Statement warning at projeto.vhd(49): signal "red_lights" is read inside the Process Statement but isn't in the Process Statement's sensitivity list File: C:/Users/pedro/LSD/mini_projeto/projeto.vhd Line: 49
Warning (10492): VHDL Process Statement warning at projeto.vhd(54): signal "clkout" is read inside the Process Statement but isn't in the Process Statement's sensitivity list File: C:/Users/pedro/LSD/mini_projeto/projeto.vhd Line: 54
Warning (10492): VHDL Process Statement warning at projeto.vhd(58): signal "clkout" is read inside the Process Statement but isn't in the Process Statement's sensitivity list File: C:/Users/pedro/LSD/mini_projeto/projeto.vhd Line: 58
Info (12129): Elaborating entity "decoder" using architecture "A:behavioral" for hierarchy "decoder:Decoder_instanciado" File: C:/Users/pedro/LSD/mini_projeto/projeto.vhd Line: 22
Info (12129): Elaborating entity "fase3" using architecture "A:behavioral" for hierarchy "fase3:fase3_instanciada" File: C:/Users/pedro/LSD/mini_projeto/projeto.vhd Line: 27
Info (12129): Elaborating entity "fase4" using architecture "A:shell" for hierarchy "fase4:Fase4_instanciada" File: C:/Users/pedro/LSD/mini_projeto/projeto.vhd Line: 33
Info (12129): Elaborating entity "FreqDivider" using architecture "A:behavioral" for hierarchy "fase4:Fase4_instanciada|FreqDivider:Divisor" File: C:/Users/pedro/LSD/mini_projeto/fase4.vhd Line: 15
Info (12129): Elaborating entity "fase5" using architecture "A:shell" for hierarchy "fase5:Fase5_instanciada" File: C:/Users/pedro/LSD/mini_projeto/projeto.vhd Line: 39
Warning (13024): Output pins are stuck at VCC or GND
    Warning (13410): Pin "HEX0[1]" is stuck at GND File: C:/Users/pedro/LSD/mini_projeto/projeto.vhd Line: 10
Info (286030): Timing-Driven Synthesis is running
Info (16010): Generating hard_block partition "hard_block:auto_generated_inst"
    Info (16011): Adding 0 node(s), including 0 DDIO, 0 PLL, 0 transceiver and 0 LCELL
Info (21057): Implemented 72 device resources after synthesis - the final resource count might be different
    Info (21058): Implemented 3 input pins
    Info (21059): Implemented 15 output pins
    Info (21061): Implemented 54 logic cells
Info: Quartus Prime Analysis & Synthesis was successful. 0 errors, 8 warnings
    Info: Peak virtual memory: 4874 megabytes
    Info: Processing ended: Tue Apr 16 11:58:29 2024
    Info: Elapsed time: 00:00:08
    Info: Total CPU time (on all processors): 00:00:06


