Analysis & Synthesis report for AirFryer
Mon Jun  3 06:10:07 2024
Quartus Prime Version 22.1std.2 Build 922 07/20/2023 SC Lite Edition


---------------------
; Table of Contents ;
---------------------
  1. Legal Notice
  2. Analysis & Synthesis Summary
  3. Analysis & Synthesis Settings
  4. Parallel Compilation
  5. Analysis & Synthesis Source Files Read
  6. Analysis & Synthesis Resource Usage Summary
  7. Analysis & Synthesis Resource Utilization by Entity
  8. State Machine - |FSM_DM|Airfryer_FSM:Airfryer_FSM_inst|s_currentState
  9. General Register Statistics
 10. Multiplexer Restructuring Statistics (Restructuring Performed)
 11. Parameter Settings for User Entity Instance: TimeModule:TimeModule_inst|PulseGen:PulseGen_inst
 12. Parameter Settings for Inferred Entity Instance: Dividir_Temperatura:Dividir_Temperatura_inst|lpm_divide:Mod1
 13. Parameter Settings for Inferred Entity Instance: Dividir_Temperatura:Dividir_Temperatura_inst|lpm_divide:Mod0
 14. Parameter Settings for Inferred Entity Instance: Dividir_Temperatura:Dividir_Temperatura_inst|lpm_divide:Div1
 15. Parameter Settings for Inferred Entity Instance: Dividir_Temperatura:Dividir_Temperatura_inst|lpm_divide:Div0
 16. Parameter Settings for Inferred Entity Instance: TimeModule:TimeModule_inst|lpm_divide:Mod0
 17. Parameter Settings for Inferred Entity Instance: TimeModule:TimeModule_inst|lpm_divide:Div0
 18. Port Connectivity Checks: "Airfryer_FSM:Airfryer_FSM_inst"
 19. Port Connectivity Checks: "TimeModule:TimeModule_inst|PulseGen:PulseGen_inst"
 20. Post-Synthesis Netlist Statistics for Top Partition
 21. Elapsed Time Per Partition
 22. Analysis & Synthesis Messages



----------------
; Legal Notice ;
----------------
Copyright (C) 2023  Intel Corporation. All rights reserved.
Your use of Intel Corporation's design tools, logic functions 
and other software and tools, and any partner logic 
functions, and any output files from any of the foregoing 
(including device programming or simulation files), and any 
associated documentation or information are expressly subject 
to the terms and conditions of the Intel Program License 
Subscription Agreement, the Intel Quartus Prime License Agreement,
the Intel FPGA IP License Agreement, or other applicable license
agreement, including, without limitation, that your use is for
the sole purpose of programming logic devices manufactured by
Intel and sold by Intel or its authorized distributors.  Please
refer to the applicable agreement for further details, at
https://fpgasoftware.intel.com/eula.



+-------------------------------------------------------------------------------------+
; Analysis & Synthesis Summary                                                        ;
+------------------------------------+------------------------------------------------+
; Analysis & Synthesis Status        ; Successful - Mon Jun  3 06:10:07 2024          ;
; Quartus Prime Version              ; 22.1std.2 Build 922 07/20/2023 SC Lite Edition ;
; Revision Name                      ; AirFryer                                       ;
; Top-level Entity Name              ; FSM_DM                                         ;
; Family                             ; Cyclone IV E                                   ;
; Total logic elements               ; 396                                            ;
;     Total combinational functions  ; 387                                            ;
;     Dedicated logic registers      ; 47                                             ;
; Total registers                    ; 47                                             ;
; Total pins                         ; 49                                             ;
; Total virtual pins                 ; 0                                              ;
; Total memory bits                  ; 0                                              ;
; Embedded Multiplier 9-bit elements ; 0                                              ;
; Total PLLs                         ; 0                                              ;
+------------------------------------+------------------------------------------------+


+------------------------------------------------------------------------------------------------------------+
; Analysis & Synthesis Settings                                                                              ;
+------------------------------------------------------------------+--------------------+--------------------+
; Option                                                           ; Setting            ; Default Value      ;
+------------------------------------------------------------------+--------------------+--------------------+
; Device                                                           ; EP4CE115F29C7      ;                    ;
; Top-level entity name                                            ; FSM_DM             ; AirFryer           ;
; Family name                                                      ; Cyclone IV E       ; Cyclone V          ;
; Use smart compilation                                            ; Off                ; Off                ;
; Enable parallel Assembler and Timing Analyzer during compilation ; On                 ; On                 ;
; Enable compact report table                                      ; Off                ; Off                ;
; Restructure Multiplexers                                         ; Auto               ; Auto               ;
; Create Debugging Nodes for IP Cores                              ; Off                ; Off                ;
; Preserve fewer node names                                        ; On                 ; On                 ;
; Intel FPGA IP Evaluation Mode                                    ; Enable             ; Enable             ;
; Verilog Version                                                  ; Verilog_2001       ; Verilog_2001       ;
; VHDL Version                                                     ; VHDL_1993          ; VHDL_1993          ;
; State Machine Processing                                         ; Auto               ; Auto               ;
; Safe State Machine                                               ; Off                ; Off                ;
; Extract Verilog State Machines                                   ; On                 ; On                 ;
; Extract VHDL State Machines                                      ; On                 ; On                 ;
; Ignore Verilog initial constructs                                ; Off                ; Off                ;
; Iteration limit for constant Verilog loops                       ; 5000               ; 5000               ;
; Iteration limit for non-constant Verilog loops                   ; 250                ; 250                ;
; Add Pass-Through Logic to Inferred RAMs                          ; On                 ; On                 ;
; Infer RAMs from Raw Logic                                        ; On                 ; On                 ;
; Parallel Synthesis                                               ; On                 ; On                 ;
; DSP Block Balancing                                              ; Auto               ; Auto               ;
; NOT Gate Push-Back                                               ; On                 ; On                 ;
; Power-Up Don't Care                                              ; On                 ; On                 ;
; Remove Redundant Logic Cells                                     ; Off                ; Off                ;
; Remove Duplicate Registers                                       ; On                 ; On                 ;
; Ignore CARRY Buffers                                             ; Off                ; Off                ;
; Ignore CASCADE Buffers                                           ; Off                ; Off                ;
; Ignore GLOBAL Buffers                                            ; Off                ; Off                ;
; Ignore ROW GLOBAL Buffers                                        ; Off                ; Off                ;
; Ignore LCELL Buffers                                             ; Off                ; Off                ;
; Ignore SOFT Buffers                                              ; On                 ; On                 ;
; Limit AHDL Integers to 32 Bits                                   ; Off                ; Off                ;
; Optimization Technique                                           ; Balanced           ; Balanced           ;
; Carry Chain Length                                               ; 70                 ; 70                 ;
; Auto Carry Chains                                                ; On                 ; On                 ;
; Auto Open-Drain Pins                                             ; On                 ; On                 ;
; Perform WYSIWYG Primitive Resynthesis                            ; Off                ; Off                ;
; Auto ROM Replacement                                             ; On                 ; On                 ;
; Auto RAM Replacement                                             ; On                 ; On                 ;
; Auto DSP Block Replacement                                       ; On                 ; On                 ;
; Auto Shift Register Replacement                                  ; Auto               ; Auto               ;
; Allow Shift Register Merging across Hierarchies                  ; Auto               ; Auto               ;
; Auto Clock Enable Replacement                                    ; On                 ; On                 ;
; Strict RAM Replacement                                           ; Off                ; Off                ;
; Allow Synchronous Control Signals                                ; On                 ; On                 ;
; Force Use of Synchronous Clear Signals                           ; Off                ; Off                ;
; Auto RAM Block Balancing                                         ; On                 ; On                 ;
; Auto RAM to Logic Cell Conversion                                ; Off                ; Off                ;
; Auto Resource Sharing                                            ; Off                ; Off                ;
; Allow Any RAM Size For Recognition                               ; Off                ; Off                ;
; Allow Any ROM Size For Recognition                               ; Off                ; Off                ;
; Allow Any Shift Register Size For Recognition                    ; Off                ; Off                ;
; Use LogicLock Constraints during Resource Balancing              ; On                 ; On                 ;
; Ignore translate_off and synthesis_off directives                ; Off                ; Off                ;
; Timing-Driven Synthesis                                          ; On                 ; On                 ;
; Report Parameter Settings                                        ; On                 ; On                 ;
; Report Source Assignments                                        ; On                 ; On                 ;
; Report Connectivity Checks                                       ; On                 ; On                 ;
; Ignore Maximum Fan-Out Assignments                               ; Off                ; Off                ;
; Synchronization Register Chain Length                            ; 2                  ; 2                  ;
; Power Optimization During Synthesis                              ; Normal compilation ; Normal compilation ;
; HDL message level                                                ; Level2             ; Level2             ;
; Suppress Register Optimization Related Messages                  ; Off                ; Off                ;
; Number of Removed Registers Reported in Synthesis Report         ; 5000               ; 5000               ;
; Number of Swept Nodes Reported in Synthesis Report               ; 5000               ; 5000               ;
; Number of Inverted Registers Reported in Synthesis Report        ; 100                ; 100                ;
; Clock MUX Protection                                             ; On                 ; On                 ;
; Auto Gated Clock Conversion                                      ; Off                ; Off                ;
; Block Design Naming                                              ; Auto               ; Auto               ;
; SDC constraint protection                                        ; Off                ; Off                ;
; Synthesis Effort                                                 ; Auto               ; Auto               ;
; Shift Register Replacement - Allow Asynchronous Clear Signal     ; On                 ; On                 ;
; Pre-Mapping Resynthesis Optimization                             ; Off                ; Off                ;
; Analysis & Synthesis Message Level                               ; Medium             ; Medium             ;
; Disable Register Merging Across Hierarchies                      ; Auto               ; Auto               ;
; Resource Aware Inference For Block RAM                           ; On                 ; On                 ;
+------------------------------------------------------------------+--------------------+--------------------+


+------------------------------------------+
; Parallel Compilation                     ;
+----------------------------+-------------+
; Processors                 ; Number      ;
+----------------------------+-------------+
; Number detected on machine ; 12          ;
; Maximum allowed            ; 10          ;
;                            ;             ;
; Average used               ; 1.00        ;
; Maximum used               ; 10          ;
;                            ;             ;
; Usage by Processor         ; % Time Used ;
;     Processor 1            ; 100.0%      ;
;     Processors 2-10        ;   0.0%      ;
+----------------------------+-------------+


+-----------------------------------------------------------------------------------------------------------------------------------------------------------------------------+
; Analysis & Synthesis Source Files Read                                                                                                                                      ;
+----------------------------------+-----------------+------------------------------+-------------------------------------------------------------------------------+---------+
; File Name with User-Entered Path ; Used in Netlist ; File Type                    ; File Name with Absolute Path                                                  ; Library ;
+----------------------------------+-----------------+------------------------------+-------------------------------------------------------------------------------+---------+
; Debouncer.vhd                    ; yes             ; User VHDL File               ; C:/Users/pedro/LSD/ProjetoFinal/Debouncer.vhd                                 ;         ;
; FSM_DM.vhd                       ; yes             ; User VHDL File               ; C:/Users/pedro/LSD/ProjetoFinal/FSM_DM.vhd                                    ;         ;
; Airfryer_FSM.vhd                 ; yes             ; User VHDL File               ; C:/Users/pedro/LSD/ProjetoFinal/Airfryer_FSM.vhd                              ;         ;
; TimeModule.vhd                   ; yes             ; User VHDL File               ; C:/Users/pedro/LSD/ProjetoFinal/TimeModule.vhd                                ;         ;
; PulseGen.vhd                     ; yes             ; User VHDL File               ; C:/Users/pedro/LSD/ProjetoFinal/PulseGen.vhd                                  ;         ;
; Counter.vhd                      ; yes             ; User VHDL File               ; C:/Users/pedro/LSD/ProjetoFinal/Counter.vhd                                   ;         ;
; Bin7segDecoder.vhd               ; yes             ; User VHDL File               ; C:/Users/pedro/LSD/ProjetoFinal/Bin7segDecoder.vhd                            ;         ;
; Dividir_Temperatura.vhd          ; yes             ; User VHDL File               ; C:/Users/pedro/LSD/ProjetoFinal/Dividir_Temperatura.vhd                       ;         ;
; lpm_divide.tdf                   ; yes             ; Megafunction                 ; c:/intelfpga_lite/22.1std/quartus/libraries/megafunctions/lpm_divide.tdf      ;         ;
; abs_divider.inc                  ; yes             ; Megafunction                 ; c:/intelfpga_lite/22.1std/quartus/libraries/megafunctions/abs_divider.inc     ;         ;
; sign_div_unsign.inc              ; yes             ; Megafunction                 ; c:/intelfpga_lite/22.1std/quartus/libraries/megafunctions/sign_div_unsign.inc ;         ;
; aglobal221.inc                   ; yes             ; Megafunction                 ; c:/intelfpga_lite/22.1std/quartus/libraries/megafunctions/aglobal221.inc      ;         ;
; db/lpm_divide_q9m.tdf            ; yes             ; Auto-Generated Megafunction  ; C:/Users/pedro/LSD/ProjetoFinal/db/lpm_divide_q9m.tdf                         ;         ;
; db/sign_div_unsign_fkh.tdf       ; yes             ; Auto-Generated Megafunction  ; C:/Users/pedro/LSD/ProjetoFinal/db/sign_div_unsign_fkh.tdf                    ;         ;
; db/alt_u_div_i4f.tdf             ; yes             ; Auto-Generated Megafunction  ; C:/Users/pedro/LSD/ProjetoFinal/db/alt_u_div_i4f.tdf                          ;         ;
; db/add_sub_7pc.tdf               ; yes             ; Auto-Generated Megafunction  ; C:/Users/pedro/LSD/ProjetoFinal/db/add_sub_7pc.tdf                            ;         ;
; db/add_sub_8pc.tdf               ; yes             ; Auto-Generated Megafunction  ; C:/Users/pedro/LSD/ProjetoFinal/db/add_sub_8pc.tdf                            ;         ;
; db/lpm_divide_jhm.tdf            ; yes             ; Auto-Generated Megafunction  ; C:/Users/pedro/LSD/ProjetoFinal/db/lpm_divide_jhm.tdf                         ;         ;
; db/sign_div_unsign_bkh.tdf       ; yes             ; Auto-Generated Megafunction  ; C:/Users/pedro/LSD/ProjetoFinal/db/sign_div_unsign_bkh.tdf                    ;         ;
; db/alt_u_div_a4f.tdf             ; yes             ; Auto-Generated Megafunction  ; C:/Users/pedro/LSD/ProjetoFinal/db/alt_u_div_a4f.tdf                          ;         ;
; db/lpm_divide_mhm.tdf            ; yes             ; Auto-Generated Megafunction  ; C:/Users/pedro/LSD/ProjetoFinal/db/lpm_divide_mhm.tdf                         ;         ;
; db/sign_div_unsign_ekh.tdf       ; yes             ; Auto-Generated Megafunction  ; C:/Users/pedro/LSD/ProjetoFinal/db/sign_div_unsign_ekh.tdf                    ;         ;
; db/alt_u_div_g4f.tdf             ; yes             ; Auto-Generated Megafunction  ; C:/Users/pedro/LSD/ProjetoFinal/db/alt_u_div_g4f.tdf                          ;         ;
; db/lpm_divide_k9m.tdf            ; yes             ; Auto-Generated Megafunction  ; C:/Users/pedro/LSD/ProjetoFinal/db/lpm_divide_k9m.tdf                         ;         ;
; db/sign_div_unsign_9kh.tdf       ; yes             ; Auto-Generated Megafunction  ; C:/Users/pedro/LSD/ProjetoFinal/db/sign_div_unsign_9kh.tdf                    ;         ;
; db/alt_u_div_64f.tdf             ; yes             ; Auto-Generated Megafunction  ; C:/Users/pedro/LSD/ProjetoFinal/db/alt_u_div_64f.tdf                          ;         ;
; db/lpm_divide_hhm.tdf            ; yes             ; Auto-Generated Megafunction  ; C:/Users/pedro/LSD/ProjetoFinal/db/lpm_divide_hhm.tdf                         ;         ;
+----------------------------------+-----------------+------------------------------+-------------------------------------------------------------------------------+---------+


+-----------------------------------------------------------------------------------------+
; Analysis & Synthesis Resource Usage Summary                                             ;
+---------------------------------------------+-------------------------------------------+
; Resource                                    ; Usage                                     ;
+---------------------------------------------+-------------------------------------------+
; Estimated Total logic elements              ; 396                                       ;
;                                             ;                                           ;
; Total combinational functions               ; 387                                       ;
; Logic element usage by number of LUT inputs ;                                           ;
;     -- 4 input functions                    ; 106                                       ;
;     -- 3 input functions                    ; 113                                       ;
;     -- <=2 input functions                  ; 168                                       ;
;                                             ;                                           ;
; Logic elements by mode                      ;                                           ;
;     -- normal mode                          ; 278                                       ;
;     -- arithmetic mode                      ; 109                                       ;
;                                             ;                                           ;
; Total registers                             ; 47                                        ;
;     -- Dedicated logic registers            ; 47                                        ;
;     -- I/O registers                        ; 0                                         ;
;                                             ;                                           ;
; I/O pins                                    ; 49                                        ;
;                                             ;                                           ;
; Embedded Multiplier 9-bit elements          ; 0                                         ;
;                                             ;                                           ;
; Maximum fan-out node                        ; Debouncer:debouncer_enable_inst|dff_input ;
; Maximum fan-out                             ; 54                                        ;
; Total fan-out                               ; 1258                                      ;
; Average fan-out                             ; 2.36                                      ;
+---------------------------------------------+-------------------------------------------+


+--------------------------------------------------------------------------------------------------------------------------------------------------------------------------------------------------------------------------------------------------------------------------------------------------------------------------------------------------------------------------+
; Analysis & Synthesis Resource Utilization by Entity                                                                                                                                                                                                                                                                                                                      ;
+---------------------------------------------------+---------------------+---------------------------+-------------+--------------+---------+-----------+------+--------------+------------------------------------------------------------------------------------------------------------------------------------------------------+---------------------+--------------+
; Compilation Hierarchy Node                        ; Combinational ALUTs ; Dedicated Logic Registers ; Memory Bits ; DSP Elements ; DSP 9x9 ; DSP 18x18 ; Pins ; Virtual Pins ; Full Hierarchy Name                                                                                                                                  ; Entity Name         ; Library Name ;
+---------------------------------------------------+---------------------+---------------------------+-------------+--------------+---------+-----------+------+--------------+------------------------------------------------------------------------------------------------------------------------------------------------------+---------------------+--------------+
; |FSM_DM                                           ; 387 (0)             ; 47 (0)                    ; 0           ; 0            ; 0       ; 0         ; 49   ; 0            ; |FSM_DM                                                                                                                                              ; FSM_DM              ; work         ;
;    |Airfryer_FSM:Airfryer_FSM_inst|               ; 53 (53)             ; 5 (5)                     ; 0           ; 0            ; 0       ; 0         ; 0    ; 0            ; |FSM_DM|Airfryer_FSM:Airfryer_FSM_inst                                                                                                               ; Airfryer_FSM        ; work         ;
;    |Debouncer:debouncer_abrir_forno_inst|         ; 0 (0)               ; 3 (3)                     ; 0           ; 0            ; 0       ; 0         ; 0    ; 0            ; |FSM_DM|Debouncer:debouncer_abrir_forno_inst                                                                                                         ; Debouncer           ; work         ;
;    |Debouncer:debouncer_enable_inst|              ; 0 (0)               ; 3 (3)                     ; 0           ; 0            ; 0       ; 0         ; 0    ; 0            ; |FSM_DM|Debouncer:debouncer_enable_inst                                                                                                              ; Debouncer           ; work         ;
;    |Debouncer:debouncer_start_cooking_inst|       ; 0 (0)               ; 3 (3)                     ; 0           ; 0            ; 0       ; 0         ; 0    ; 0            ; |FSM_DM|Debouncer:debouncer_start_cooking_inst                                                                                                       ; Debouncer           ; work         ;
;    |Dividir_Temperatura:Dividir_Temperatura_inst| ; 227 (0)             ; 0 (0)                     ; 0           ; 0            ; 0       ; 0         ; 0    ; 0            ; |FSM_DM|Dividir_Temperatura:Dividir_Temperatura_inst                                                                                                 ; Dividir_Temperatura ; work         ;
;       |Bin7segDecoder:Hex0_decoder|               ; 5 (5)               ; 0 (0)                     ; 0           ; 0            ; 0       ; 0         ; 0    ; 0            ; |FSM_DM|Dividir_Temperatura:Dividir_Temperatura_inst|Bin7segDecoder:Hex0_decoder                                                                     ; Bin7segDecoder      ; work         ;
;       |Bin7segDecoder:Hex1_decoder|               ; 7 (7)               ; 0 (0)                     ; 0           ; 0            ; 0       ; 0         ; 0    ; 0            ; |FSM_DM|Dividir_Temperatura:Dividir_Temperatura_inst|Bin7segDecoder:Hex1_decoder                                                                     ; Bin7segDecoder      ; work         ;
;       |Bin7segDecoder:Hex2_decoder|               ; 6 (6)               ; 0 (0)                     ; 0           ; 0            ; 0       ; 0         ; 0    ; 0            ; |FSM_DM|Dividir_Temperatura:Dividir_Temperatura_inst|Bin7segDecoder:Hex2_decoder                                                                     ; Bin7segDecoder      ; work         ;
;       |lpm_divide:Div0|                           ; 25 (0)              ; 0 (0)                     ; 0           ; 0            ; 0       ; 0         ; 0    ; 0            ; |FSM_DM|Dividir_Temperatura:Dividir_Temperatura_inst|lpm_divide:Div0                                                                                 ; lpm_divide          ; work         ;
;          |lpm_divide_mhm:auto_generated|          ; 25 (0)              ; 0 (0)                     ; 0           ; 0            ; 0       ; 0         ; 0    ; 0            ; |FSM_DM|Dividir_Temperatura:Dividir_Temperatura_inst|lpm_divide:Div0|lpm_divide_mhm:auto_generated                                                   ; lpm_divide_mhm      ; work         ;
;             |sign_div_unsign_ekh:divider|         ; 25 (0)              ; 0 (0)                     ; 0           ; 0            ; 0       ; 0         ; 0    ; 0            ; |FSM_DM|Dividir_Temperatura:Dividir_Temperatura_inst|lpm_divide:Div0|lpm_divide_mhm:auto_generated|sign_div_unsign_ekh:divider                       ; sign_div_unsign_ekh ; work         ;
;                |alt_u_div_g4f:divider|            ; 25 (25)             ; 0 (0)                     ; 0           ; 0            ; 0       ; 0         ; 0    ; 0            ; |FSM_DM|Dividir_Temperatura:Dividir_Temperatura_inst|lpm_divide:Div0|lpm_divide_mhm:auto_generated|sign_div_unsign_ekh:divider|alt_u_div_g4f:divider ; alt_u_div_g4f       ; work         ;
;       |lpm_divide:Div1|                           ; 60 (0)              ; 0 (0)                     ; 0           ; 0            ; 0       ; 0         ; 0    ; 0            ; |FSM_DM|Dividir_Temperatura:Dividir_Temperatura_inst|lpm_divide:Div1                                                                                 ; lpm_divide          ; work         ;
;          |lpm_divide_jhm:auto_generated|          ; 60 (0)              ; 0 (0)                     ; 0           ; 0            ; 0       ; 0         ; 0    ; 0            ; |FSM_DM|Dividir_Temperatura:Dividir_Temperatura_inst|lpm_divide:Div1|lpm_divide_jhm:auto_generated                                                   ; lpm_divide_jhm      ; work         ;
;             |sign_div_unsign_bkh:divider|         ; 60 (0)              ; 0 (0)                     ; 0           ; 0            ; 0       ; 0         ; 0    ; 0            ; |FSM_DM|Dividir_Temperatura:Dividir_Temperatura_inst|lpm_divide:Div1|lpm_divide_jhm:auto_generated|sign_div_unsign_bkh:divider                       ; sign_div_unsign_bkh ; work         ;
;                |alt_u_div_a4f:divider|            ; 60 (60)             ; 0 (0)                     ; 0           ; 0            ; 0       ; 0         ; 0    ; 0            ; |FSM_DM|Dividir_Temperatura:Dividir_Temperatura_inst|lpm_divide:Div1|lpm_divide_jhm:auto_generated|sign_div_unsign_bkh:divider|alt_u_div_a4f:divider ; alt_u_div_a4f       ; work         ;
;       |lpm_divide:Mod0|                           ; 43 (0)              ; 0 (0)                     ; 0           ; 0            ; 0       ; 0         ; 0    ; 0            ; |FSM_DM|Dividir_Temperatura:Dividir_Temperatura_inst|lpm_divide:Mod0                                                                                 ; lpm_divide          ; work         ;
;          |lpm_divide_q9m:auto_generated|          ; 43 (0)              ; 0 (0)                     ; 0           ; 0            ; 0       ; 0         ; 0    ; 0            ; |FSM_DM|Dividir_Temperatura:Dividir_Temperatura_inst|lpm_divide:Mod0|lpm_divide_q9m:auto_generated                                                   ; lpm_divide_q9m      ; work         ;
;             |sign_div_unsign_fkh:divider|         ; 43 (0)              ; 0 (0)                     ; 0           ; 0            ; 0       ; 0         ; 0    ; 0            ; |FSM_DM|Dividir_Temperatura:Dividir_Temperatura_inst|lpm_divide:Mod0|lpm_divide_q9m:auto_generated|sign_div_unsign_fkh:divider                       ; sign_div_unsign_fkh ; work         ;
;                |alt_u_div_i4f:divider|            ; 43 (43)             ; 0 (0)                     ; 0           ; 0            ; 0       ; 0         ; 0    ; 0            ; |FSM_DM|Dividir_Temperatura:Dividir_Temperatura_inst|lpm_divide:Mod0|lpm_divide_q9m:auto_generated|sign_div_unsign_fkh:divider|alt_u_div_i4f:divider ; alt_u_div_i4f       ; work         ;
;       |lpm_divide:Mod1|                           ; 81 (0)              ; 0 (0)                     ; 0           ; 0            ; 0       ; 0         ; 0    ; 0            ; |FSM_DM|Dividir_Temperatura:Dividir_Temperatura_inst|lpm_divide:Mod1                                                                                 ; lpm_divide          ; work         ;
;          |lpm_divide_q9m:auto_generated|          ; 81 (0)              ; 0 (0)                     ; 0           ; 0            ; 0       ; 0         ; 0    ; 0            ; |FSM_DM|Dividir_Temperatura:Dividir_Temperatura_inst|lpm_divide:Mod1|lpm_divide_q9m:auto_generated                                                   ; lpm_divide_q9m      ; work         ;
;             |sign_div_unsign_fkh:divider|         ; 81 (0)              ; 0 (0)                     ; 0           ; 0            ; 0       ; 0         ; 0    ; 0            ; |FSM_DM|Dividir_Temperatura:Dividir_Temperatura_inst|lpm_divide:Mod1|lpm_divide_q9m:auto_generated|sign_div_unsign_fkh:divider                       ; sign_div_unsign_fkh ; work         ;
;                |alt_u_div_i4f:divider|            ; 81 (81)             ; 0 (0)                     ; 0           ; 0            ; 0       ; 0         ; 0    ; 0            ; |FSM_DM|Dividir_Temperatura:Dividir_Temperatura_inst|lpm_divide:Mod1|lpm_divide_q9m:auto_generated|sign_div_unsign_fkh:divider|alt_u_div_i4f:divider ; alt_u_div_i4f       ; work         ;
;    |TimeModule:TimeModule_inst|                   ; 107 (0)             ; 33 (0)                    ; 0           ; 0            ; 0       ; 0         ; 0    ; 0            ; |FSM_DM|TimeModule:TimeModule_inst                                                                                                                   ; TimeModule          ; work         ;
;       |Bin7segDecoder:Hex4_decoder|               ; 7 (7)               ; 0 (0)                     ; 0           ; 0            ; 0       ; 0         ; 0    ; 0            ; |FSM_DM|TimeModule:TimeModule_inst|Bin7segDecoder:Hex4_decoder                                                                                       ; Bin7segDecoder      ; work         ;
;       |Bin7segDecoder:Hex5_decoder|               ; 5 (5)               ; 0 (0)                     ; 0           ; 0            ; 0       ; 0         ; 0    ; 0            ; |FSM_DM|TimeModule:TimeModule_inst|Bin7segDecoder:Hex5_decoder                                                                                       ; Bin7segDecoder      ; work         ;
;       |Counter:Counter_inst|                      ; 11 (11)             ; 6 (6)                     ; 0           ; 0            ; 0       ; 0         ; 0    ; 0            ; |FSM_DM|TimeModule:TimeModule_inst|Counter:Counter_inst                                                                                              ; Counter             ; work         ;
;       |PulseGen:PulseGen_inst|                    ; 47 (47)             ; 27 (27)                   ; 0           ; 0            ; 0       ; 0         ; 0    ; 0            ; |FSM_DM|TimeModule:TimeModule_inst|PulseGen:PulseGen_inst                                                                                            ; PulseGen            ; work         ;
;       |lpm_divide:Div0|                           ; 17 (0)              ; 0 (0)                     ; 0           ; 0            ; 0       ; 0         ; 0    ; 0            ; |FSM_DM|TimeModule:TimeModule_inst|lpm_divide:Div0                                                                                                   ; lpm_divide          ; work         ;
;          |lpm_divide_hhm:auto_generated|          ; 17 (0)              ; 0 (0)                     ; 0           ; 0            ; 0       ; 0         ; 0    ; 0            ; |FSM_DM|TimeModule:TimeModule_inst|lpm_divide:Div0|lpm_divide_hhm:auto_generated                                                                     ; lpm_divide_hhm      ; work         ;
;             |sign_div_unsign_9kh:divider|         ; 17 (0)              ; 0 (0)                     ; 0           ; 0            ; 0       ; 0         ; 0    ; 0            ; |FSM_DM|TimeModule:TimeModule_inst|lpm_divide:Div0|lpm_divide_hhm:auto_generated|sign_div_unsign_9kh:divider                                         ; sign_div_unsign_9kh ; work         ;
;                |alt_u_div_64f:divider|            ; 17 (17)             ; 0 (0)                     ; 0           ; 0            ; 0       ; 0         ; 0    ; 0            ; |FSM_DM|TimeModule:TimeModule_inst|lpm_divide:Div0|lpm_divide_hhm:auto_generated|sign_div_unsign_9kh:divider|alt_u_div_64f:divider                   ; alt_u_div_64f       ; work         ;
;       |lpm_divide:Mod0|                           ; 20 (0)              ; 0 (0)                     ; 0           ; 0            ; 0       ; 0         ; 0    ; 0            ; |FSM_DM|TimeModule:TimeModule_inst|lpm_divide:Mod0                                                                                                   ; lpm_divide          ; work         ;
;          |lpm_divide_k9m:auto_generated|          ; 20 (0)              ; 0 (0)                     ; 0           ; 0            ; 0       ; 0         ; 0    ; 0            ; |FSM_DM|TimeModule:TimeModule_inst|lpm_divide:Mod0|lpm_divide_k9m:auto_generated                                                                     ; lpm_divide_k9m      ; work         ;
;             |sign_div_unsign_9kh:divider|         ; 20 (0)              ; 0 (0)                     ; 0           ; 0            ; 0       ; 0         ; 0    ; 0            ; |FSM_DM|TimeModule:TimeModule_inst|lpm_divide:Mod0|lpm_divide_k9m:auto_generated|sign_div_unsign_9kh:divider                                         ; sign_div_unsign_9kh ; work         ;
;                |alt_u_div_64f:divider|            ; 20 (20)             ; 0 (0)                     ; 0           ; 0            ; 0       ; 0         ; 0    ; 0            ; |FSM_DM|TimeModule:TimeModule_inst|lpm_divide:Mod0|lpm_divide_k9m:auto_generated|sign_div_unsign_9kh:divider|alt_u_div_64f:divider                   ; alt_u_div_64f       ; work         ;
+---------------------------------------------------+---------------------+---------------------------+-------------+--------------+---------+-----------+------+--------------+------------------------------------------------------------------------------------------------------------------------------------------------------+---------------------+--------------+
Note: For table entries with two numbers listed, the numbers in parentheses indicate the number of resources of the given type used by the specific entity alone. The numbers listed outside of parentheses indicate the total resources of the given type used by the specific entity and all of its sub-entities in the hierarchy.


Encoding Type:  One-Hot
+-------------------------------------------------------------------------------------------------------------------------------------------+
; State Machine - |FSM_DM|Airfryer_FSM:Airfryer_FSM_inst|s_currentState                                                                     ;
+------------------------+---------------------+-----------------------+---------------------+------------------------+---------------------+
; Name                   ; s_currentState.COOL ; s_currentState.FINISH ; s_currentState.COOK ; s_currentState.PREHEAT ; s_currentState.IDLE ;
+------------------------+---------------------+-----------------------+---------------------+------------------------+---------------------+
; s_currentState.IDLE    ; 0                   ; 0                     ; 0                   ; 0                      ; 0                   ;
; s_currentState.PREHEAT ; 0                   ; 0                     ; 0                   ; 1                      ; 1                   ;
; s_currentState.COOK    ; 0                   ; 0                     ; 1                   ; 0                      ; 1                   ;
; s_currentState.FINISH  ; 0                   ; 1                     ; 0                   ; 0                      ; 1                   ;
; s_currentState.COOL    ; 1                   ; 0                     ; 0                   ; 0                      ; 1                   ;
+------------------------+---------------------+-----------------------+---------------------+------------------------+---------------------+


+------------------------------------------------------+
; General Register Statistics                          ;
+----------------------------------------------+-------+
; Statistic                                    ; Value ;
+----------------------------------------------+-------+
; Total registers                              ; 47    ;
; Number of registers using Synchronous Clear  ; 1     ;
; Number of registers using Synchronous Load   ; 5     ;
; Number of registers using Asynchronous Clear ; 0     ;
; Number of registers using Asynchronous Load  ; 0     ;
; Number of registers using Clock Enable       ; 5     ;
; Number of registers using Preset             ; 0     ;
+----------------------------------------------+-------+


+------------------------------------------------------------------------------------------------------------------------------------------------------------------------------------------------------------+
; Multiplexer Restructuring Statistics (Restructuring Performed)                                                                                                                                             ;
+--------------------+-----------+---------------+----------------------+------------------------+------------+----------------------------------------------------------------------------------------------+
; Multiplexer Inputs ; Bus Width ; Baseline Area ; Area if Restructured ; Saving if Restructured ; Registered ; Example Multiplexer Output                                                                   ;
+--------------------+-----------+---------------+----------------------+------------------------+------------+----------------------------------------------------------------------------------------------+
; 16:1               ; 2 bits    ; 20 LEs        ; 10 LEs               ; 10 LEs                 ; No         ; |FSM_DM|Dividir_Temperatura:Dividir_Temperatura_inst|Bin7segDecoder:Hex0_decoder|decOut_n[4] ;
; 16:1               ; 2 bits    ; 20 LEs        ; 10 LEs               ; 10 LEs                 ; No         ; |FSM_DM|Dividir_Temperatura:Dividir_Temperatura_inst|Bin7segDecoder:Hex1_decoder|decOut_n[4] ;
; 16:1               ; 2 bits    ; 20 LEs        ; 8 LEs                ; 12 LEs                 ; No         ; |FSM_DM|TimeModule:TimeModule_inst|Bin7segDecoder:Hex5_decoder|decOut_n[4]                   ;
; 16:1               ; 2 bits    ; 20 LEs        ; 10 LEs               ; 10 LEs                 ; No         ; |FSM_DM|TimeModule:TimeModule_inst|Bin7segDecoder:Hex4_decoder|decOut_n[4]                   ;
; 5:1                ; 2 bits    ; 6 LEs         ; 6 LEs                ; 0 LEs                  ; No         ; |FSM_DM|Dividir_Temperatura:Dividir_Temperatura_inst|Bin7segDecoder:Hex0_decoder|decOut_n[5] ;
; 5:1                ; 2 bits    ; 6 LEs         ; 6 LEs                ; 0 LEs                  ; No         ; |FSM_DM|Dividir_Temperatura:Dividir_Temperatura_inst|Bin7segDecoder:Hex1_decoder|decOut_n[3] ;
; 5:1                ; 2 bits    ; 6 LEs         ; 6 LEs                ; 0 LEs                  ; No         ; |FSM_DM|Dividir_Temperatura:Dividir_Temperatura_inst|Bin7segDecoder:Hex2_decoder|decOut_n[3] ;
; 5:1                ; 2 bits    ; 6 LEs         ; 6 LEs                ; 0 LEs                  ; No         ; |FSM_DM|TimeModule:TimeModule_inst|Bin7segDecoder:Hex4_decoder|decOut_n[3]                   ;
; 5:1                ; 2 bits    ; 6 LEs         ; 6 LEs                ; 0 LEs                  ; No         ; |FSM_DM|TimeModule:TimeModule_inst|Bin7segDecoder:Hex5_decoder|decOut_n[3]                   ;
; 33:1               ; 2 bits    ; 44 LEs        ; 12 LEs               ; 32 LEs                 ; No         ; |FSM_DM|Dividir_Temperatura:Dividir_Temperatura_inst|Bin7segDecoder:Hex2_decoder|decOut_n[6] ;
; 9:1                ; 3 bits    ; 18 LEs        ; 12 LEs               ; 6 LEs                  ; No         ; |FSM_DM|Airfryer_FSM:Airfryer_FSM_inst|s_currentState                                        ;
; 24:1               ; 2 bits    ; 32 LEs        ; 10 LEs               ; 22 LEs                 ; No         ; |FSM_DM|Airfryer_FSM:Airfryer_FSM_inst|s_currentState                                        ;
+--------------------+-----------+---------------+----------------------+------------------------+------------+----------------------------------------------------------------------------------------------+


+------------------------------------------------------------------------------------------------+
; Parameter Settings for User Entity Instance: TimeModule:TimeModule_inst|PulseGen:PulseGen_inst ;
+----------------+----------+--------------------------------------------------------------------+
; Parameter Name ; Value    ; Type                                                               ;
+----------------+----------+--------------------------------------------------------------------+
; max            ; 50000000 ; Signed Integer                                                     ;
+----------------+----------+--------------------------------------------------------------------+
Note: In order to hide this table in the UI and the text report file, please set the "Show Parameter Settings in Synthesis Report" option in "Analysis and Synthesis Settings -> More Settings" to "Off".


+---------------------------------------------------------------------------------------------------------------+
; Parameter Settings for Inferred Entity Instance: Dividir_Temperatura:Dividir_Temperatura_inst|lpm_divide:Mod1 ;
+------------------------+----------------+---------------------------------------------------------------------+
; Parameter Name         ; Value          ; Type                                                                ;
+------------------------+----------------+---------------------------------------------------------------------+
; LPM_WIDTHN             ; 8              ; Untyped                                                             ;
; LPM_WIDTHD             ; 8              ; Untyped                                                             ;
; LPM_NREPRESENTATION    ; UNSIGNED       ; Untyped                                                             ;
; LPM_DREPRESENTATION    ; UNSIGNED       ; Untyped                                                             ;
; LPM_PIPELINE           ; 0              ; Untyped                                                             ;
; LPM_REMAINDERPOSITIVE  ; TRUE           ; Untyped                                                             ;
; MAXIMIZE_SPEED         ; 5              ; Untyped                                                             ;
; CBXI_PARAMETER         ; lpm_divide_q9m ; Untyped                                                             ;
; CARRY_CHAIN            ; MANUAL         ; Untyped                                                             ;
; OPTIMIZE_FOR_SPEED     ; 5              ; Untyped                                                             ;
; AUTO_CARRY_CHAINS      ; ON             ; AUTO_CARRY                                                          ;
; IGNORE_CARRY_BUFFERS   ; OFF            ; IGNORE_CARRY                                                        ;
; AUTO_CASCADE_CHAINS    ; ON             ; AUTO_CASCADE                                                        ;
; IGNORE_CASCADE_BUFFERS ; OFF            ; IGNORE_CASCADE                                                      ;
+------------------------+----------------+---------------------------------------------------------------------+
Note: In order to hide this table in the UI and the text report file, please set the "Show Parameter Settings in Synthesis Report" option in "Analysis and Synthesis Settings -> More Settings" to "Off".


+---------------------------------------------------------------------------------------------------------------+
; Parameter Settings for Inferred Entity Instance: Dividir_Temperatura:Dividir_Temperatura_inst|lpm_divide:Mod0 ;
+------------------------+----------------+---------------------------------------------------------------------+
; Parameter Name         ; Value          ; Type                                                                ;
+------------------------+----------------+---------------------------------------------------------------------+
; LPM_WIDTHN             ; 8              ; Untyped                                                             ;
; LPM_WIDTHD             ; 8              ; Untyped                                                             ;
; LPM_NREPRESENTATION    ; UNSIGNED       ; Untyped                                                             ;
; LPM_DREPRESENTATION    ; UNSIGNED       ; Untyped                                                             ;
; LPM_PIPELINE           ; 0              ; Untyped                                                             ;
; LPM_REMAINDERPOSITIVE  ; TRUE           ; Untyped                                                             ;
; MAXIMIZE_SPEED         ; 5              ; Untyped                                                             ;
; CBXI_PARAMETER         ; lpm_divide_q9m ; Untyped                                                             ;
; CARRY_CHAIN            ; MANUAL         ; Untyped                                                             ;
; OPTIMIZE_FOR_SPEED     ; 5              ; Untyped                                                             ;
; AUTO_CARRY_CHAINS      ; ON             ; AUTO_CARRY                                                          ;
; IGNORE_CARRY_BUFFERS   ; OFF            ; IGNORE_CARRY                                                        ;
; AUTO_CASCADE_CHAINS    ; ON             ; AUTO_CASCADE                                                        ;
; IGNORE_CASCADE_BUFFERS ; OFF            ; IGNORE_CASCADE                                                      ;
+------------------------+----------------+---------------------------------------------------------------------+
Note: In order to hide this table in the UI and the text report file, please set the "Show Parameter Settings in Synthesis Report" option in "Analysis and Synthesis Settings -> More Settings" to "Off".


+---------------------------------------------------------------------------------------------------------------+
; Parameter Settings for Inferred Entity Instance: Dividir_Temperatura:Dividir_Temperatura_inst|lpm_divide:Div1 ;
+------------------------+----------------+---------------------------------------------------------------------+
; Parameter Name         ; Value          ; Type                                                                ;
+------------------------+----------------+---------------------------------------------------------------------+
; LPM_WIDTHN             ; 8              ; Untyped                                                             ;
; LPM_WIDTHD             ; 4              ; Untyped                                                             ;
; LPM_NREPRESENTATION    ; UNSIGNED       ; Untyped                                                             ;
; LPM_DREPRESENTATION    ; UNSIGNED       ; Untyped                                                             ;
; LPM_PIPELINE           ; 0              ; Untyped                                                             ;
; LPM_REMAINDERPOSITIVE  ; TRUE           ; Untyped                                                             ;
; MAXIMIZE_SPEED         ; 5              ; Untyped                                                             ;
; CBXI_PARAMETER         ; lpm_divide_jhm ; Untyped                                                             ;
; CARRY_CHAIN            ; MANUAL         ; Untyped                                                             ;
; OPTIMIZE_FOR_SPEED     ; 5              ; Untyped                                                             ;
; AUTO_CARRY_CHAINS      ; ON             ; AUTO_CARRY                                                          ;
; IGNORE_CARRY_BUFFERS   ; OFF            ; IGNORE_CARRY                                                        ;
; AUTO_CASCADE_CHAINS    ; ON             ; AUTO_CASCADE                                                        ;
; IGNORE_CASCADE_BUFFERS ; OFF            ; IGNORE_CASCADE                                                      ;
+------------------------+----------------+---------------------------------------------------------------------+
Note: In order to hide this table in the UI and the text report file, please set the "Show Parameter Settings in Synthesis Report" option in "Analysis and Synthesis Settings -> More Settings" to "Off".


+---------------------------------------------------------------------------------------------------------------+
; Parameter Settings for Inferred Entity Instance: Dividir_Temperatura:Dividir_Temperatura_inst|lpm_divide:Div0 ;
+------------------------+----------------+---------------------------------------------------------------------+
; Parameter Name         ; Value          ; Type                                                                ;
+------------------------+----------------+---------------------------------------------------------------------+
; LPM_WIDTHN             ; 8              ; Untyped                                                             ;
; LPM_WIDTHD             ; 7              ; Untyped                                                             ;
; LPM_NREPRESENTATION    ; UNSIGNED       ; Untyped                                                             ;
; LPM_DREPRESENTATION    ; UNSIGNED       ; Untyped                                                             ;
; LPM_PIPELINE           ; 0              ; Untyped                                                             ;
; LPM_REMAINDERPOSITIVE  ; TRUE           ; Untyped                                                             ;
; MAXIMIZE_SPEED         ; 5              ; Untyped                                                             ;
; CBXI_PARAMETER         ; lpm_divide_mhm ; Untyped                                                             ;
; CARRY_CHAIN            ; MANUAL         ; Untyped                                                             ;
; OPTIMIZE_FOR_SPEED     ; 5              ; Untyped                                                             ;
; AUTO_CARRY_CHAINS      ; ON             ; AUTO_CARRY                                                          ;
; IGNORE_CARRY_BUFFERS   ; OFF            ; IGNORE_CARRY                                                        ;
; AUTO_CASCADE_CHAINS    ; ON             ; AUTO_CASCADE                                                        ;
; IGNORE_CASCADE_BUFFERS ; OFF            ; IGNORE_CASCADE                                                      ;
+------------------------+----------------+---------------------------------------------------------------------+
Note: In order to hide this table in the UI and the text report file, please set the "Show Parameter Settings in Synthesis Report" option in "Analysis and Synthesis Settings -> More Settings" to "Off".


+---------------------------------------------------------------------------------------------+
; Parameter Settings for Inferred Entity Instance: TimeModule:TimeModule_inst|lpm_divide:Mod0 ;
+------------------------+----------------+---------------------------------------------------+
; Parameter Name         ; Value          ; Type                                              ;
+------------------------+----------------+---------------------------------------------------+
; LPM_WIDTHN             ; 5              ; Untyped                                           ;
; LPM_WIDTHD             ; 5              ; Untyped                                           ;
; LPM_NREPRESENTATION    ; UNSIGNED       ; Untyped                                           ;
; LPM_DREPRESENTATION    ; UNSIGNED       ; Untyped                                           ;
; LPM_PIPELINE           ; 0              ; Untyped                                           ;
; LPM_REMAINDERPOSITIVE  ; TRUE           ; Untyped                                           ;
; MAXIMIZE_SPEED         ; 5              ; Untyped                                           ;
; CBXI_PARAMETER         ; lpm_divide_k9m ; Untyped                                           ;
; CARRY_CHAIN            ; MANUAL         ; Untyped                                           ;
; OPTIMIZE_FOR_SPEED     ; 5              ; Untyped                                           ;
; AUTO_CARRY_CHAINS      ; ON             ; AUTO_CARRY                                        ;
; IGNORE_CARRY_BUFFERS   ; OFF            ; IGNORE_CARRY                                      ;
; AUTO_CASCADE_CHAINS    ; ON             ; AUTO_CASCADE                                      ;
; IGNORE_CASCADE_BUFFERS ; OFF            ; IGNORE_CASCADE                                    ;
+------------------------+----------------+---------------------------------------------------+
Note: In order to hide this table in the UI and the text report file, please set the "Show Parameter Settings in Synthesis Report" option in "Analysis and Synthesis Settings -> More Settings" to "Off".


+---------------------------------------------------------------------------------------------+
; Parameter Settings for Inferred Entity Instance: TimeModule:TimeModule_inst|lpm_divide:Div0 ;
+------------------------+----------------+---------------------------------------------------+
; Parameter Name         ; Value          ; Type                                              ;
+------------------------+----------------+---------------------------------------------------+
; LPM_WIDTHN             ; 5              ; Untyped                                           ;
; LPM_WIDTHD             ; 5              ; Untyped                                           ;
; LPM_NREPRESENTATION    ; UNSIGNED       ; Untyped                                           ;
; LPM_DREPRESENTATION    ; UNSIGNED       ; Untyped                                           ;
; LPM_PIPELINE           ; 0              ; Untyped                                           ;
; LPM_REMAINDERPOSITIVE  ; TRUE           ; Untyped                                           ;
; MAXIMIZE_SPEED         ; 5              ; Untyped                                           ;
; CBXI_PARAMETER         ; lpm_divide_hhm ; Untyped                                           ;
; CARRY_CHAIN            ; MANUAL         ; Untyped                                           ;
; OPTIMIZE_FOR_SPEED     ; 5              ; Untyped                                           ;
; AUTO_CARRY_CHAINS      ; ON             ; AUTO_CARRY                                        ;
; IGNORE_CARRY_BUFFERS   ; OFF            ; IGNORE_CARRY                                      ;
; AUTO_CASCADE_CHAINS    ; ON             ; AUTO_CASCADE                                      ;
; IGNORE_CASCADE_BUFFERS ; OFF            ; IGNORE_CASCADE                                    ;
+------------------------+----------------+---------------------------------------------------+
Note: In order to hide this table in the UI and the text report file, please set the "Show Parameter Settings in Synthesis Report" option in "Analysis and Synthesis Settings -> More Settings" to "Off".


+---------------------------------------------------------------------------------------------------------------------+
; Port Connectivity Checks: "Airfryer_FSM:Airfryer_FSM_inst"                                                          ;
+-----------+--------+----------+-------------------------------------------------------------------------------------+
; Port      ; Type   ; Severity ; Details                                                                             ;
+-----------+--------+----------+-------------------------------------------------------------------------------------+
; comida_in ; Output ; Info     ; Connected to dangling logic. Logic that only feeds a dangling port will be removed. ;
+-----------+--------+----------+-------------------------------------------------------------------------------------+


+-------------------------------------------------------------------------------+
; Port Connectivity Checks: "TimeModule:TimeModule_inst|PulseGen:PulseGen_inst" ;
+-------+-------+----------+----------------------------------------------------+
; Port  ; Type  ; Severity ; Details                                            ;
+-------+-------+----------+----------------------------------------------------+
; reset ; Input ; Info     ; Stuck at GND                                       ;
+-------+-------+----------+----------------------------------------------------+


+-----------------------------------------------------+
; Post-Synthesis Netlist Statistics for Top Partition ;
+-----------------------+-----------------------------+
; Type                  ; Count                       ;
+-----------------------+-----------------------------+
; boundary_port         ; 49                          ;
; cycloneiii_ff         ; 47                          ;
;     ENA SLD           ; 5                           ;
;     SCLR              ; 1                           ;
;     plain             ; 41                          ;
; cycloneiii_lcell_comb ; 394                         ;
;     arith             ; 109                         ;
;         2 data inputs ; 35                          ;
;         3 data inputs ; 74                          ;
;     normal            ; 285                         ;
;         0 data inputs ; 19                          ;
;         1 data inputs ; 8                           ;
;         2 data inputs ; 113                         ;
;         3 data inputs ; 39                          ;
;         4 data inputs ; 106                         ;
;                       ;                             ;
; Max LUT depth         ; 20.00                       ;
; Average LUT depth     ; 11.34                       ;
+-----------------------+-----------------------------+


+-------------------------------+
; Elapsed Time Per Partition    ;
+----------------+--------------+
; Partition Name ; Elapsed Time ;
+----------------+--------------+
; Top            ; 00:00:00     ;
+----------------+--------------+


+-------------------------------+
; Analysis & Synthesis Messages ;
+-------------------------------+
Info: *******************************************************************
Info: Running Quartus Prime Analysis & Synthesis
    Info: Version 22.1std.2 Build 922 07/20/2023 SC Lite Edition
    Info: Processing started: Mon Jun  3 06:10:00 2024
Info: Command: quartus_map --read_settings_files=on --write_settings_files=off AirFryer -c AirFryer
Warning (18236): Number of processors has not been specified which may cause overloading on shared machines.  Set the global assignment NUM_PARALLEL_PROCESSORS in your QSF to an appropriate value for best performance.
Info (20030): Parallel compilation is enabled and will use 10 of the 10 processors detected
Info (12021): Found 2 design units, including 1 entities, in source file debouncer.vhd
    Info (12022): Found design unit 1: Debouncer-Behavioral File: C:/Users/pedro/LSD/ProjetoFinal/Debouncer.vhd Line: 12
    Info (12023): Found entity 1: Debouncer File: C:/Users/pedro/LSD/ProjetoFinal/Debouncer.vhd Line: 4
Info (12021): Found 2 design units, including 1 entities, in source file temperaturemodule.vhd
    Info (12022): Found design unit 1: TemperatureModule-Behavioral File: C:/Users/pedro/LSD/ProjetoFinal/TemperatureModule.vhd Line: 19
    Info (12023): Found entity 1: TemperatureModule File: C:/Users/pedro/LSD/ProjetoFinal/TemperatureModule.vhd Line: 5
Info (12021): Found 2 design units, including 1 entities, in source file fsm_dm.vhd
    Info (12022): Found design unit 1: FSM_DM-Behavioral File: C:/Users/pedro/LSD/ProjetoFinal/FSM_DM.vhd Line: 19
    Info (12023): Found entity 1: FSM_DM File: C:/Users/pedro/LSD/ProjetoFinal/FSM_DM.vhd Line: 5
Info (12021): Found 2 design units, including 1 entities, in source file airfryer_fsm.vhd
    Info (12022): Found design unit 1: Airfryer_FSM-Behavioral File: C:/Users/pedro/LSD/ProjetoFinal/Airfryer_FSM.vhd Line: 26
    Info (12023): Found entity 1: Airfryer_FSM File: C:/Users/pedro/LSD/ProjetoFinal/Airfryer_FSM.vhd Line: 5
Info (12021): Found 2 design units, including 1 entities, in source file timemodule.vhd
    Info (12022): Found design unit 1: TimeModule-Behavioral File: C:/Users/pedro/LSD/ProjetoFinal/TimeModule.vhd Line: 17
    Info (12023): Found entity 1: TimeModule File: C:/Users/pedro/LSD/ProjetoFinal/TimeModule.vhd Line: 5
Info (12021): Found 2 design units, including 1 entities, in source file pulsegen.vhd
    Info (12022): Found design unit 1: PulseGen-Behavioral File: C:/Users/pedro/LSD/ProjetoFinal/PulseGen.vhd Line: 15
    Info (12023): Found entity 1: PulseGen File: C:/Users/pedro/LSD/ProjetoFinal/PulseGen.vhd Line: 5
Info (12021): Found 2 design units, including 1 entities, in source file counter.vhd
    Info (12022): Found design unit 1: Counter-Behavioral File: C:/Users/pedro/LSD/ProjetoFinal/Counter.vhd Line: 17
    Info (12023): Found entity 1: Counter File: C:/Users/pedro/LSD/ProjetoFinal/Counter.vhd Line: 5
Info (12021): Found 2 design units, including 1 entities, in source file bin7segdecoder.vhd
    Info (12022): Found design unit 1: Bin7SegDecoder-Behavioral File: C:/Users/pedro/LSD/ProjetoFinal/Bin7segDecoder.vhd Line: 8
    Info (12023): Found entity 1: Bin7segDecoder File: C:/Users/pedro/LSD/ProjetoFinal/Bin7segDecoder.vhd Line: 4
Info (12021): Found 2 design units, including 1 entities, in source file counterup.vhd
    Info (12022): Found design unit 1: CounterUp-Behavioral File: C:/Users/pedro/LSD/ProjetoFinal/CounterUp.vhd Line: 18
    Info (12023): Found entity 1: CounterUp File: C:/Users/pedro/LSD/ProjetoFinal/CounterUp.vhd Line: 5
Info (12021): Found 2 design units, including 1 entities, in source file dividir_temperatura.vhd
    Info (12022): Found design unit 1: Dividir_Temperatura-Behavioral File: C:/Users/pedro/LSD/ProjetoFinal/Dividir_Temperatura.vhd Line: 15
    Info (12023): Found entity 1: Dividir_Temperatura File: C:/Users/pedro/LSD/ProjetoFinal/Dividir_Temperatura.vhd Line: 5
Info (12127): Elaborating entity "FSM_DM" for the top level hierarchy
Info (12128): Elaborating entity "TimeModule" for hierarchy "TimeModule:TimeModule_inst" File: C:/Users/pedro/LSD/ProjetoFinal/FSM_DM.vhd Line: 54
Info (12128): Elaborating entity "Counter" for hierarchy "TimeModule:TimeModule_inst|Counter:Counter_inst" File: C:/Users/pedro/LSD/ProjetoFinal/TimeModule.vhd Line: 25
Info (12128): Elaborating entity "PulseGen" for hierarchy "TimeModule:TimeModule_inst|PulseGen:PulseGen_inst" File: C:/Users/pedro/LSD/ProjetoFinal/TimeModule.vhd Line: 39
Info (12128): Elaborating entity "Bin7segDecoder" for hierarchy "TimeModule:TimeModule_inst|Bin7segDecoder:Hex5_decoder" File: C:/Users/pedro/LSD/ProjetoFinal/TimeModule.vhd Line: 53
Info (12128): Elaborating entity "Debouncer" for hierarchy "Debouncer:debouncer_enable_inst" File: C:/Users/pedro/LSD/ProjetoFinal/FSM_DM.vhd Line: 66
Info (12128): Elaborating entity "Airfryer_FSM" for hierarchy "Airfryer_FSM:Airfryer_FSM_inst" File: C:/Users/pedro/LSD/ProjetoFinal/FSM_DM.vhd Line: 95
Warning (10541): VHDL Signal Declaration warning at Airfryer_FSM.vhd(12): used implicit default value for signal "Comida_in" because signal was never assigned a value or an explicit default value. Use of implicit default value may introduce unintended design optimizations. File: C:/Users/pedro/LSD/ProjetoFinal/Airfryer_FSM.vhd Line: 12
Info (12128): Elaborating entity "Dividir_Temperatura" for hierarchy "Dividir_Temperatura:Dividir_Temperatura_inst" File: C:/Users/pedro/LSD/ProjetoFinal/FSM_DM.vhd Line: 115
Info (278001): Inferred 6 megafunctions from design logic
    Info (278004): Inferred divider/modulo megafunction ("lpm_divide") from the following logic: "Dividir_Temperatura:Dividir_Temperatura_inst|Mod1" File: C:/Users/pedro/LSD/ProjetoFinal/Dividir_Temperatura.vhd Line: 27
    Info (278004): Inferred divider/modulo megafunction ("lpm_divide") from the following logic: "Dividir_Temperatura:Dividir_Temperatura_inst|Mod0" File: C:/Users/pedro/LSD/ProjetoFinal/Dividir_Temperatura.vhd Line: 26
    Info (278004): Inferred divider/modulo megafunction ("lpm_divide") from the following logic: "Dividir_Temperatura:Dividir_Temperatura_inst|Div1" File: C:/Users/pedro/LSD/ProjetoFinal/Dividir_Temperatura.vhd Line: 26
    Info (278004): Inferred divider/modulo megafunction ("lpm_divide") from the following logic: "Dividir_Temperatura:Dividir_Temperatura_inst|Div0" File: C:/Users/pedro/LSD/ProjetoFinal/Dividir_Temperatura.vhd Line: 25
    Info (278004): Inferred divider/modulo megafunction ("lpm_divide") from the following logic: "TimeModule:TimeModule_inst|Mod0" File: C:/Users/pedro/LSD/ProjetoFinal/TimeModule.vhd Line: 50
    Info (278004): Inferred divider/modulo megafunction ("lpm_divide") from the following logic: "TimeModule:TimeModule_inst|Div0" File: C:/Users/pedro/LSD/ProjetoFinal/TimeModule.vhd Line: 49
Info (12130): Elaborated megafunction instantiation "Dividir_Temperatura:Dividir_Temperatura_inst|lpm_divide:Mod1" File: C:/Users/pedro/LSD/ProjetoFinal/Dividir_Temperatura.vhd Line: 27
Info (12133): Instantiated megafunction "Dividir_Temperatura:Dividir_Temperatura_inst|lpm_divide:Mod1" with the following parameter: File: C:/Users/pedro/LSD/ProjetoFinal/Dividir_Temperatura.vhd Line: 27
    Info (12134): Parameter "LPM_WIDTHN" = "8"
    Info (12134): Parameter "LPM_WIDTHD" = "8"
    Info (12134): Parameter "LPM_NREPRESENTATION" = "UNSIGNED"
    Info (12134): Parameter "LPM_DREPRESENTATION" = "UNSIGNED"
Info (12021): Found 1 design units, including 1 entities, in source file db/lpm_divide_q9m.tdf
    Info (12023): Found entity 1: lpm_divide_q9m File: C:/Users/pedro/LSD/ProjetoFinal/db/lpm_divide_q9m.tdf Line: 25
Info (12021): Found 1 design units, including 1 entities, in source file db/sign_div_unsign_fkh.tdf
    Info (12023): Found entity 1: sign_div_unsign_fkh File: C:/Users/pedro/LSD/ProjetoFinal/db/sign_div_unsign_fkh.tdf Line: 25
Info (12021): Found 1 design units, including 1 entities, in source file db/alt_u_div_i4f.tdf
    Info (12023): Found entity 1: alt_u_div_i4f File: C:/Users/pedro/LSD/ProjetoFinal/db/alt_u_div_i4f.tdf Line: 27
Info (12021): Found 1 design units, including 1 entities, in source file db/add_sub_7pc.tdf
    Info (12023): Found entity 1: add_sub_7pc File: C:/Users/pedro/LSD/ProjetoFinal/db/add_sub_7pc.tdf Line: 23
Info (12021): Found 1 design units, including 1 entities, in source file db/add_sub_8pc.tdf
    Info (12023): Found entity 1: add_sub_8pc File: C:/Users/pedro/LSD/ProjetoFinal/db/add_sub_8pc.tdf Line: 23
Info (12130): Elaborated megafunction instantiation "Dividir_Temperatura:Dividir_Temperatura_inst|lpm_divide:Mod0" File: C:/Users/pedro/LSD/ProjetoFinal/Dividir_Temperatura.vhd Line: 26
Info (12133): Instantiated megafunction "Dividir_Temperatura:Dividir_Temperatura_inst|lpm_divide:Mod0" with the following parameter: File: C:/Users/pedro/LSD/ProjetoFinal/Dividir_Temperatura.vhd Line: 26
    Info (12134): Parameter "LPM_WIDTHN" = "8"
    Info (12134): Parameter "LPM_WIDTHD" = "8"
    Info (12134): Parameter "LPM_NREPRESENTATION" = "UNSIGNED"
    Info (12134): Parameter "LPM_DREPRESENTATION" = "UNSIGNED"
Info (12130): Elaborated megafunction instantiation "Dividir_Temperatura:Dividir_Temperatura_inst|lpm_divide:Div1" File: C:/Users/pedro/LSD/ProjetoFinal/Dividir_Temperatura.vhd Line: 26
Info (12133): Instantiated megafunction "Dividir_Temperatura:Dividir_Temperatura_inst|lpm_divide:Div1" with the following parameter: File: C:/Users/pedro/LSD/ProjetoFinal/Dividir_Temperatura.vhd Line: 26
    Info (12134): Parameter "LPM_WIDTHN" = "8"
    Info (12134): Parameter "LPM_WIDTHD" = "4"
    Info (12134): Parameter "LPM_NREPRESENTATION" = "UNSIGNED"
    Info (12134): Parameter "LPM_DREPRESENTATION" = "UNSIGNED"
Info (12021): Found 1 design units, including 1 entities, in source file db/lpm_divide_jhm.tdf
    Info (12023): Found entity 1: lpm_divide_jhm File: C:/Users/pedro/LSD/ProjetoFinal/db/lpm_divide_jhm.tdf Line: 25
Info (12021): Found 1 design units, including 1 entities, in source file db/sign_div_unsign_bkh.tdf
    Info (12023): Found entity 1: sign_div_unsign_bkh File: C:/Users/pedro/LSD/ProjetoFinal/db/sign_div_unsign_bkh.tdf Line: 25
Info (12021): Found 1 design units, including 1 entities, in source file db/alt_u_div_a4f.tdf
    Info (12023): Found entity 1: alt_u_div_a4f File: C:/Users/pedro/LSD/ProjetoFinal/db/alt_u_div_a4f.tdf Line: 27
Info (12130): Elaborated megafunction instantiation "Dividir_Temperatura:Dividir_Temperatura_inst|lpm_divide:Div0" File: C:/Users/pedro/LSD/ProjetoFinal/Dividir_Temperatura.vhd Line: 25
Info (12133): Instantiated megafunction "Dividir_Temperatura:Dividir_Temperatura_inst|lpm_divide:Div0" with the following parameter: File: C:/Users/pedro/LSD/ProjetoFinal/Dividir_Temperatura.vhd Line: 25
    Info (12134): Parameter "LPM_WIDTHN" = "8"
    Info (12134): Parameter "LPM_WIDTHD" = "7"
    Info (12134): Parameter "LPM_NREPRESENTATION" = "UNSIGNED"
    Info (12134): Parameter "LPM_DREPRESENTATION" = "UNSIGNED"
Info (12021): Found 1 design units, including 1 entities, in source file db/lpm_divide_mhm.tdf
    Info (12023): Found entity 1: lpm_divide_mhm File: C:/Users/pedro/LSD/ProjetoFinal/db/lpm_divide_mhm.tdf Line: 25
Info (12021): Found 1 design units, including 1 entities, in source file db/sign_div_unsign_ekh.tdf
    Info (12023): Found entity 1: sign_div_unsign_ekh File: C:/Users/pedro/LSD/ProjetoFinal/db/sign_div_unsign_ekh.tdf Line: 25
Info (12021): Found 1 design units, including 1 entities, in source file db/alt_u_div_g4f.tdf
    Info (12023): Found entity 1: alt_u_div_g4f File: C:/Users/pedro/LSD/ProjetoFinal/db/alt_u_div_g4f.tdf Line: 27
Info (12130): Elaborated megafunction instantiation "TimeModule:TimeModule_inst|lpm_divide:Mod0" File: C:/Users/pedro/LSD/ProjetoFinal/TimeModule.vhd Line: 50
Info (12133): Instantiated megafunction "TimeModule:TimeModule_inst|lpm_divide:Mod0" with the following parameter: File: C:/Users/pedro/LSD/ProjetoFinal/TimeModule.vhd Line: 50
    Info (12134): Parameter "LPM_WIDTHN" = "5"
    Info (12134): Parameter "LPM_WIDTHD" = "5"
    Info (12134): Parameter "LPM_NREPRESENTATION" = "UNSIGNED"
    Info (12134): Parameter "LPM_DREPRESENTATION" = "UNSIGNED"
Info (12021): Found 1 design units, including 1 entities, in source file db/lpm_divide_k9m.tdf
    Info (12023): Found entity 1: lpm_divide_k9m File: C:/Users/pedro/LSD/ProjetoFinal/db/lpm_divide_k9m.tdf Line: 25
Info (12021): Found 1 design units, including 1 entities, in source file db/sign_div_unsign_9kh.tdf
    Info (12023): Found entity 1: sign_div_unsign_9kh File: C:/Users/pedro/LSD/ProjetoFinal/db/sign_div_unsign_9kh.tdf Line: 25
Info (12021): Found 1 design units, including 1 entities, in source file db/alt_u_div_64f.tdf
    Info (12023): Found entity 1: alt_u_div_64f File: C:/Users/pedro/LSD/ProjetoFinal/db/alt_u_div_64f.tdf Line: 27
Info (12130): Elaborated megafunction instantiation "TimeModule:TimeModule_inst|lpm_divide:Div0" File: C:/Users/pedro/LSD/ProjetoFinal/TimeModule.vhd Line: 49
Info (12133): Instantiated megafunction "TimeModule:TimeModule_inst|lpm_divide:Div0" with the following parameter: File: C:/Users/pedro/LSD/ProjetoFinal/TimeModule.vhd Line: 49
    Info (12134): Parameter "LPM_WIDTHN" = "5"
    Info (12134): Parameter "LPM_WIDTHD" = "5"
    Info (12134): Parameter "LPM_NREPRESENTATION" = "UNSIGNED"
    Info (12134): Parameter "LPM_DREPRESENTATION" = "UNSIGNED"
Info (12021): Found 1 design units, including 1 entities, in source file db/lpm_divide_hhm.tdf
    Info (12023): Found entity 1: lpm_divide_hhm File: C:/Users/pedro/LSD/ProjetoFinal/db/lpm_divide_hhm.tdf Line: 25
Warning (13024): Output pins are stuck at VCC or GND
    Warning (13410): Pin "HEX2[1]" is stuck at GND File: C:/Users/pedro/LSD/ProjetoFinal/FSM_DM.vhd Line: 13
    Warning (13410): Pin "HEX5[1]" is stuck at GND File: C:/Users/pedro/LSD/ProjetoFinal/FSM_DM.vhd Line: 15
Info (286030): Timing-Driven Synthesis is running
Info (16010): Generating hard_block partition "hard_block:auto_generated_inst"
    Info (16011): Adding 0 node(s), including 0 DDIO, 0 PLL, 0 transceiver and 0 LCELL
Warning (21074): Design contains 2 input pin(s) that do not drive logic
    Warning (15610): No output dependent on input pin "SW[1]" File: C:/Users/pedro/LSD/ProjetoFinal/FSM_DM.vhd Line: 8
    Warning (15610): No output dependent on input pin "SW[3]" File: C:/Users/pedro/LSD/ProjetoFinal/FSM_DM.vhd Line: 8
Info (21057): Implemented 446 device resources after synthesis - the final resource count might be different
    Info (21058): Implemented 9 input pins
    Info (21059): Implemented 40 output pins
    Info (21061): Implemented 397 logic cells
Info: Quartus Prime Analysis & Synthesis was successful. 0 errors, 8 warnings
    Info: Peak virtual memory: 4884 megabytes
    Info: Processing ended: Mon Jun  3 06:10:07 2024
    Info: Elapsed time: 00:00:07
    Info: Total CPU time (on all processors): 00:00:07


